[debug] [2024-03-20T16:31:22.207Z] ----------------------------------------------------------------------
[debug] [2024-03-20T16:31:22.221Z] Command:       C:\Program Files\nodejs\node.exe C:\Users\Hema\AppData\Roaming\npm\node_modules\firebase-tools\lib\bin\firebase.js init
[debug] [2024-03-20T16:31:22.222Z] CLI Version:   13.5.2
[debug] [2024-03-20T16:31:22.224Z] Platform:      win32
[debug] [2024-03-20T16:31:22.224Z] Node Version:  v18.16.1
[debug] [2024-03-20T16:31:22.232Z] Time:          Wed Mar 20 2024 12:31:22 GMT-0400 (Eastern Daylight Time)
[debug] [2024-03-20T16:31:22.232Z] ----------------------------------------------------------------------
[debug] 
[debug] [2024-03-20T16:31:22.606Z] > command requires scopes: ["email","openid","https://www.googleapis.com/auth/cloudplatformprojects.readonly","https://www.googleapis.com/auth/firebase","https://www.googleapis.com/auth/cloud-platform"]
[debug] [2024-03-20T16:31:22.608Z] > authorizing via signed-in user (starofakg@gmail.com)
[info] 
     ######## #### ########  ######## ########     ###     ######  ########
     ##        ##  ##     ## ##       ##     ##  ##   ##  ##       ##
     ######    ##  ########  ######   ########  #########  ######  ######
     ##        ##  ##    ##  ##       ##     ## ##     ##       ## ##
     ##       #### ##     ## ######## ########  ##     ##  ######  ########

You're about to initialize a Firebase project in this directory:

  C:\Users\Hema\Music\Companyapp\company-app

Before we get started, keep in mind:

  * You are initializing within an existing Firebase project directory

[info] 
=== Project Setup
[info] 
[info] First, let's associate this project directory with a Firebase project.
[info] You can create multiple project aliases by running firebase use --add, 
[info] but for now we'll just set up a default project.
[info] 
[debug] [2024-03-20T16:31:31.846Z] Using project from CLI flag: m-t-r-f
[debug] [2024-03-20T16:31:31.858Z] >>> [apiv2][query] GET https://firebase.googleapis.com/v1beta1/projects/m-t-r-f [none]
[debug] [2024-03-20T16:31:32.691Z] <<< [apiv2][status] GET https://firebase.googleapis.com/v1beta1/projects/m-t-r-f 200
[debug] [2024-03-20T16:31:32.692Z] <<< [apiv2][body] GET https://firebase.googleapis.com/v1beta1/projects/m-t-r-f {"projectId":"m-t-r-f","projectNumber":"946516239058","displayName":"m-t-r-f","name":"projects/m-t-r-f","resources":{"hostingSite":"m-t-r-f"},"state":"ACTIVE","etag":"1_4b3e72a3-c6ca-4e80-bb05-21548bfdb313"}
[info] i  Using project m-t-r-f (m-t-r-f) 
[info] 
=== Hosting Setup
[debug] [2024-03-20T16:31:32.788Z] >>> [apiv2][query] GET https://firebase.googleapis.com/v1beta1/projects/m-t-r-f [none]
[debug] [2024-03-20T16:31:33.162Z] <<< [apiv2][status] GET https://firebase.googleapis.com/v1beta1/projects/m-t-r-f 200
[debug] [2024-03-20T16:31:33.163Z] <<< [apiv2][body] GET https://firebase.googleapis.com/v1beta1/projects/m-t-r-f {"projectId":"m-t-r-f","projectNumber":"946516239058","displayName":"m-t-r-f","name":"projects/m-t-r-f","resources":{"hostingSite":"m-t-r-f"},"state":"ACTIVE","etag":"1_4b3e72a3-c6ca-4e80-bb05-21548bfdb313"}
[info] 
[info] Your public directory is the folder (relative to your project directory) that
[info] will contain Hosting assets to be uploaded with firebase deploy. If you
[info] have a build process for your assets, use your build's output directory.
[info] 
